[debug] [2022-04-17T14:57:43.873Z] ----------------------------------------------------------------------
[debug] [2022-04-17T14:57:43.875Z] Command:       C:\Program Files\nodejs\node.exe C:\Users\sicot\AppData\Roaming\npm\node_modules\firebase-tools\lib\bin\firebase.js init
[debug] [2022-04-17T14:57:43.876Z] CLI Version:   10.6.0
[debug] [2022-04-17T14:57:43.876Z] Platform:      win32
[debug] [2022-04-17T14:57:43.876Z] Node Version:  v17.4.0
[debug] [2022-04-17T14:57:43.877Z] Time:          Sun Apr 17 2022 10:57:43 GMT-0400 (heure avancée de l’Est)
[debug] [2022-04-17T14:57:43.877Z] ----------------------------------------------------------------------
[debug] 
[debug] [2022-04-17T14:57:43.880Z] >>> [apiv2][query] GET https://firebase-public.firebaseio.com/cli.json [none]
[debug] [2022-04-17T14:57:44.012Z] > command requires scopes: ["email","openid","https://www.googleapis.com/auth/cloudplatformprojects.readonly","https://www.googleapis.com/auth/firebase","https://www.googleapis.com/auth/cloud-platform"]
[debug] [2022-04-17T14:57:44.012Z] > authorizing via signed-in user (marcantoinesic0tte@gmail.com)
[info] 
     ######## #### ########  ######## ########     ###     ######  ########
     ##        ##  ##     ## ##       ##     ##  ##   ##  ##       ##
     ######    ##  ########  ######   ########  #########  ######  ######
     ##        ##  ##    ##  ##       ##     ## ##     ##       ## ##
     ##       #### ##     ## ######## ########  ##     ##  ######  ########

You're about to initialize a Firebase project in this directory:

  C:\Users\sicot\Documents\Session H22\Web_Reactif\travail_classe\signets

Before we get started, keep in mind:

  * You are initializing within an existing Firebase project directory

[debug] [2022-04-17T14:57:44.213Z] <<< [apiv2][status] GET https://firebase-public.firebaseio.com/cli.json 200
[debug] [2022-04-17T14:57:44.214Z] <<< [apiv2][body] GET https://firebase-public.firebaseio.com/cli.json {"cloudBuildErrorAfter":1594252800000,"cloudBuildWarnAfter":1590019200000,"defaultNode10After":1594252800000,"minVersion":"3.0.5","node8DeploysDisabledAfter":1613390400000,"node8RuntimeDisabledAfter":1615809600000,"node8WarnAfter":1600128000000}
